f:\ai pathfinding\assignment\pathfinding\pathfinding\release\vc120.pdb
f:\ai pathfinding\assignment\pathfinding\pathfinding\release\main.obj
f:\ai pathfinding\assignment\pathfinding\pathfinding\release\text.obj
f:\ai pathfinding\assignment\pathfinding\pathfinding\release\system.obj
f:\ai pathfinding\assignment\pathfinding\pathfinding\release\scene.obj
f:\ai pathfinding\assignment\pathfinding\pathfinding\release\player.obj
f:\ai pathfinding\assignment\pathfinding\pathfinding\release\pathalgorithm.obj
f:\ai pathfinding\assignment\pathfinding\pathfinding\release\map.obj
f:\ai pathfinding\assignment\pathfinding\pathfinding\release\button.obj
f:\ai pathfinding\assignment\pathfinding\release\pathfinding.exe
f:\ai pathfinding\assignment\pathfinding\release\pathfinding.pdb
d:\users\rory\documents\github\a-pathfinding\pathfinding\release\button.obj
d:\users\rory\documents\github\a-pathfinding\pathfinding\release\main.obj
d:\users\rory\documents\github\a-pathfinding\pathfinding\release\map.obj
d:\users\rory\documents\github\a-pathfinding\pathfinding\release\pathalgorithm.obj
d:\users\rory\documents\github\a-pathfinding\pathfinding\release\player.obj
d:\users\rory\documents\github\a-pathfinding\pathfinding\release\scene.obj
d:\users\rory\documents\github\a-pathfinding\pathfinding\release\system.obj
d:\users\rory\documents\github\a-pathfinding\pathfinding\release\text.obj
d:\users\rory\documents\github\a-pathfinding\pathfinding\release\vc120.pdb
d:\users\rory\documents\github\a-pathfinding\release\pathfinding.pdb
d:\users\rory\documents\github\a-pathfinding\release\pathfinding.exe
d:\users\rory\documents\github\a-pathfinding\pathfinding\release\pathfinding.tlog\cl.command.1.tlog
d:\users\rory\documents\github\a-pathfinding\pathfinding\release\pathfinding.tlog\cl.read.1.tlog
d:\users\rory\documents\github\a-pathfinding\pathfinding\release\pathfinding.tlog\cl.write.1.tlog
d:\users\rory\documents\github\a-pathfinding\pathfinding\release\pathfinding.tlog\link.command.1.tlog
d:\users\rory\documents\github\a-pathfinding\pathfinding\release\pathfinding.tlog\link.read.1.tlog
d:\users\rory\documents\github\a-pathfinding\pathfinding\release\pathfinding.tlog\link.write.1.tlog
