f:\ai pathfinding\assignment\pathfinding\pathfinding\debug\vc120.pdb
f:\ai pathfinding\assignment\pathfinding\pathfinding\debug\vc120.idb
f:\ai pathfinding\assignment\pathfinding\pathfinding\debug\button.obj
f:\ai pathfinding\assignment\pathfinding\pathfinding\debug\main.obj
f:\ai pathfinding\assignment\pathfinding\pathfinding\debug\map.obj
f:\ai pathfinding\assignment\pathfinding\pathfinding\debug\pathalgorithm.obj
f:\ai pathfinding\assignment\pathfinding\pathfinding\debug\player.obj
f:\ai pathfinding\assignment\pathfinding\pathfinding\debug\scene.obj
f:\ai pathfinding\assignment\pathfinding\pathfinding\debug\system.obj
f:\ai pathfinding\assignment\pathfinding\pathfinding\debug\text.obj
d:\users\rory\documents\github\a-pathfinding\pathfinding\debug\vc120.pdb
d:\users\rory\documents\github\a-pathfinding\pathfinding\debug\vc120.idb
d:\users\rory\documents\github\a-pathfinding\pathfinding\debug\button.obj
d:\users\rory\documents\github\a-pathfinding\pathfinding\debug\main.obj
d:\users\rory\documents\github\a-pathfinding\pathfinding\debug\map.obj
d:\users\rory\documents\github\a-pathfinding\pathfinding\debug\pathalgorithm.obj
d:\users\rory\documents\github\a-pathfinding\pathfinding\debug\player.obj
d:\users\rory\documents\github\a-pathfinding\pathfinding\debug\scene.obj
d:\users\rory\documents\github\a-pathfinding\pathfinding\debug\system.obj
d:\users\rory\documents\github\a-pathfinding\pathfinding\debug\text.obj
f:\ai pathfinding\assignment\pathfinding\debug\a pathfinding.ilk
f:\ai pathfinding\assignment\pathfinding\debug\a pathfinding.exe
f:\ai pathfinding\assignment\pathfinding\debug\a pathfinding.pdb
d:\users\rory\documents\github\a-pathfinding\debug\a pathfinding.ilk
d:\users\rory\documents\github\a-pathfinding\debug\a pathfinding.exe
d:\users\rory\documents\github\a-pathfinding\debug\a pathfinding.pdb
d:\users\rory\documents\github\a-pathfinding\pathfinding\debug\a pathfinding.tlog\cl.command.1.tlog
d:\users\rory\documents\github\a-pathfinding\pathfinding\debug\a pathfinding.tlog\cl.read.1.tlog
d:\users\rory\documents\github\a-pathfinding\pathfinding\debug\a pathfinding.tlog\cl.write.1.tlog
d:\users\rory\documents\github\a-pathfinding\pathfinding\debug\a pathfinding.tlog\link.command.1.tlog
d:\users\rory\documents\github\a-pathfinding\pathfinding\debug\a pathfinding.tlog\link.read.1.tlog
d:\users\rory\documents\github\a-pathfinding\pathfinding\debug\a pathfinding.tlog\link.write.1.tlog
